2025-01-05 07:56:43,863 - TradingBot - INFO - Logging configurato correttamente.
2025-01-05 07:56:45,557 - TradingBot - INFO - Il bot è stato avviato!
2025-01-05 07:56:45,963 - httpx - INFO - HTTP Request: POST https://api.telegram.org/bot8012238163:AAFViMv2rkLJ8YjcL6uFZwXy7NfyjZ6m6gE/getMe "HTTP/1.1 200 OK"
2025-01-05 07:56:46,052 - httpx - INFO - HTTP Request: POST https://api.telegram.org/bot8012238163:AAFViMv2rkLJ8YjcL6uFZwXy7NfyjZ6m6gE/deleteWebhook "HTTP/1.1 200 OK"
2025-01-05 07:56:46,053 - telegram.ext.Application - INFO - Application started
2025-01-05 07:56:46,311 - httpx - INFO - HTTP Request: POST https://api.telegram.org/bot8012238163:AAFViMv2rkLJ8YjcL6uFZwXy7NfyjZ6m6gE/getUpdates "HTTP/1.1 200 OK"
2025-01-05 07:56:46,558 - httpx - INFO - HTTP Request: POST https://api.telegram.org/bot8012238163:AAFViMv2rkLJ8YjcL6uFZwXy7NfyjZ6m6gE/editMessageText "HTTP/1.1 200 OK"
2025-01-05 07:56:49,398 - httpx - INFO - HTTP Request: POST https://api.telegram.org/bot8012238163:AAFViMv2rkLJ8YjcL6uFZwXy7NfyjZ6m6gE/getUpdates "HTTP/1.1 200 OK"
2025-01-05 07:56:49,399 - TradingBot - INFO - Esecuzione: start | Utente: OkkkkLol (1613494618) | Data: 2025-01-05 06:56:49+00:00 | Callback: N/A
2025-01-05 07:56:49,620 - httpx - INFO - HTTP Request: POST https://api.telegram.org/bot8012238163:AAFViMv2rkLJ8YjcL6uFZwXy7NfyjZ6m6gE/sendMessage "HTTP/1.1 200 OK"
2025-01-05 07:56:50,639 - httpx - INFO - HTTP Request: POST https://api.telegram.org/bot8012238163:AAFViMv2rkLJ8YjcL6uFZwXy7NfyjZ6m6gE/getUpdates "HTTP/1.1 200 OK"
2025-01-05 07:56:50,859 - httpx - INFO - HTTP Request: POST https://api.telegram.org/bot8012238163:AAFViMv2rkLJ8YjcL6uFZwXy7NfyjZ6m6gE/editMessageText "HTTP/1.1 200 OK"
2025-01-05 07:56:55,111 - httpx - INFO - HTTP Request: POST https://api.telegram.org/bot8012238163:AAFViMv2rkLJ8YjcL6uFZwXy7NfyjZ6m6gE/getUpdates "HTTP/1.1 200 OK"
2025-01-05 07:56:55,327 - httpx - INFO - HTTP Request: POST https://api.telegram.org/bot8012238163:AAFViMv2rkLJ8YjcL6uFZwXy7NfyjZ6m6gE/sendMessage "HTTP/1.1 200 OK"
2025-01-05 07:56:59,149 - httpx - INFO - HTTP Request: POST https://api.telegram.org/bot8012238163:AAFViMv2rkLJ8YjcL6uFZwXy7NfyjZ6m6gE/getUpdates "HTTP/1.1 200 OK"
2025-01-05 07:57:37,050 - httpx - INFO - HTTP Request: POST https://api.telegram.org/bot8012238163:AAFViMv2rkLJ8YjcL6uFZwXy7NfyjZ6m6gE/sendMessage "HTTP/1.1 200 OK"
2025-01-05 07:57:46,899 - httpx - INFO - HTTP Request: POST https://api.telegram.org/bot8012238163:AAFViMv2rkLJ8YjcL6uFZwXy7NfyjZ6m6gE/getUpdates "HTTP/1.1 200 OK"
2025-01-05 07:57:56,980 - httpx - INFO - HTTP Request: POST https://api.telegram.org/bot8012238163:AAFViMv2rkLJ8YjcL6uFZwXy7NfyjZ6m6gE/getUpdates "HTTP/1.1 200 OK"
2025-01-05 07:58:07,037 - httpx - INFO - HTTP Request: POST https://api.telegram.org/bot8012238163:AAFViMv2rkLJ8YjcL6uFZwXy7NfyjZ6m6gE/getUpdates "HTTP/1.1 200 OK"
2025-01-05 07:58:17,076 - httpx - INFO - HTTP Request: POST https://api.telegram.org/bot8012238163:AAFViMv2rkLJ8YjcL6uFZwXy7NfyjZ6m6gE/getUpdates "HTTP/1.1 200 OK"
2025-01-05 07:58:27,161 - httpx - INFO - HTTP Request: POST https://api.telegram.org/bot8012238163:AAFViMv2rkLJ8YjcL6uFZwXy7NfyjZ6m6gE/getUpdates "HTTP/1.1 200 OK"
2025-01-05 07:58:37,245 - httpx - INFO - HTTP Request: POST https://api.telegram.org/bot8012238163:AAFViMv2rkLJ8YjcL6uFZwXy7NfyjZ6m6gE/getUpdates "HTTP/1.1 200 OK"
2025-01-05 07:58:47,328 - httpx - INFO - HTTP Request: POST https://api.telegram.org/bot8012238163:AAFViMv2rkLJ8YjcL6uFZwXy7NfyjZ6m6gE/getUpdates "HTTP/1.1 200 OK"
2025-01-05 07:58:57,412 - httpx - INFO - HTTP Request: POST https://api.telegram.org/bot8012238163:AAFViMv2rkLJ8YjcL6uFZwXy7NfyjZ6m6gE/getUpdates "HTTP/1.1 200 OK"
2025-01-05 07:59:07,530 - httpx - INFO - HTTP Request: POST https://api.telegram.org/bot8012238163:AAFViMv2rkLJ8YjcL6uFZwXy7NfyjZ6m6gE/getUpdates "HTTP/1.1 200 OK"
2025-01-05 07:59:17,615 - httpx - INFO - HTTP Request: POST https://api.telegram.org/bot8012238163:AAFViMv2rkLJ8YjcL6uFZwXy7NfyjZ6m6gE/getUpdates "HTTP/1.1 200 OK"
2025-01-05 07:59:27,697 - httpx - INFO - HTTP Request: POST https://api.telegram.org/bot8012238163:AAFViMv2rkLJ8YjcL6uFZwXy7NfyjZ6m6gE/getUpdates "HTTP/1.1 200 OK"
2025-01-05 07:59:37,781 - httpx - INFO - HTTP Request: POST https://api.telegram.org/bot8012238163:AAFViMv2rkLJ8YjcL6uFZwXy7NfyjZ6m6gE/getUpdates "HTTP/1.1 200 OK"
2025-01-05 07:59:47,866 - httpx - INFO - HTTP Request: POST https://api.telegram.org/bot8012238163:AAFViMv2rkLJ8YjcL6uFZwXy7NfyjZ6m6gE/getUpdates "HTTP/1.1 200 OK"
2025-01-05 07:59:57,952 - httpx - INFO - HTTP Request: POST https://api.telegram.org/bot8012238163:AAFViMv2rkLJ8YjcL6uFZwXy7NfyjZ6m6gE/getUpdates "HTTP/1.1 200 OK"
2025-01-05 08:00:08,038 - httpx - INFO - HTTP Request: POST https://api.telegram.org/bot8012238163:AAFViMv2rkLJ8YjcL6uFZwXy7NfyjZ6m6gE/getUpdates "HTTP/1.1 200 OK"
2025-01-05 08:00:11,041 - httpx - INFO - HTTP Request: POST https://api.telegram.org/bot8012238163:AAFViMv2rkLJ8YjcL6uFZwXy7NfyjZ6m6gE/getUpdates "HTTP/1.1 200 OK"
2025-01-05 08:00:21,128 - httpx - INFO - HTTP Request: POST https://api.telegram.org/bot8012238163:AAFViMv2rkLJ8YjcL6uFZwXy7NfyjZ6m6gE/getUpdates "HTTP/1.1 200 OK"
