2025-01-05 07:54:44,843 - TradingBot - INFO - Logging configurato correttamente.
2025-01-05 07:54:47,139 - TradingBot - INFO - Il bot è stato avviato!
2025-01-05 07:54:47,837 - httpx - INFO - HTTP Request: POST https://api.telegram.org/bot8012238163:AAFViMv2rkLJ8YjcL6uFZwXy7NfyjZ6m6gE/getMe "HTTP/1.1 200 OK"
2025-01-05 07:54:47,920 - httpx - INFO - HTTP Request: POST https://api.telegram.org/bot8012238163:AAFViMv2rkLJ8YjcL6uFZwXy7NfyjZ6m6gE/deleteWebhook "HTTP/1.1 200 OK"
2025-01-05 07:54:47,921 - telegram.ext.Application - INFO - Application started
2025-01-05 07:54:48,184 - httpx - INFO - HTTP Request: POST https://api.telegram.org/bot8012238163:AAFViMv2rkLJ8YjcL6uFZwXy7NfyjZ6m6gE/getUpdates "HTTP/1.1 200 OK"
2025-01-05 07:54:48,193 - TradingBot - INFO - Esecuzione: start | Utente: OkkkkLol (1613494618) | Data: 2025-01-05 06:54:11+00:00 | Callback: N/A
2025-01-05 07:54:48,406 - httpx - INFO - HTTP Request: POST https://api.telegram.org/bot8012238163:AAFViMv2rkLJ8YjcL6uFZwXy7NfyjZ6m6gE/sendMessage "HTTP/1.1 200 OK"
2025-01-05 07:54:48,407 - TradingBot - INFO - Esecuzione: start | Utente: OkkkkLol (1613494618) | Data: 2025-01-05 06:54:47+00:00 | Callback: N/A
2025-01-05 07:54:48,617 - httpx - INFO - HTTP Request: POST https://api.telegram.org/bot8012238163:AAFViMv2rkLJ8YjcL6uFZwXy7NfyjZ6m6gE/sendMessage "HTTP/1.1 200 OK"
2025-01-05 07:54:50,191 - httpx - INFO - HTTP Request: POST https://api.telegram.org/bot8012238163:AAFViMv2rkLJ8YjcL6uFZwXy7NfyjZ6m6gE/getUpdates "HTTP/1.1 200 OK"
2025-01-05 07:54:50,397 - httpx - INFO - HTTP Request: POST https://api.telegram.org/bot8012238163:AAFViMv2rkLJ8YjcL6uFZwXy7NfyjZ6m6gE/editMessageText "HTTP/1.1 200 OK"
2025-01-05 07:54:54,826 - httpx - INFO - HTTP Request: POST https://api.telegram.org/bot8012238163:AAFViMv2rkLJ8YjcL6uFZwXy7NfyjZ6m6gE/getUpdates "HTTP/1.1 200 OK"
2025-01-05 07:54:55,029 - httpx - INFO - HTTP Request: POST https://api.telegram.org/bot8012238163:AAFViMv2rkLJ8YjcL6uFZwXy7NfyjZ6m6gE/sendMessage "HTTP/1.1 200 OK"
2025-01-05 07:54:58,245 - httpx - INFO - HTTP Request: POST https://api.telegram.org/bot8012238163:AAFViMv2rkLJ8YjcL6uFZwXy7NfyjZ6m6gE/getUpdates "HTTP/1.1 200 OK"
2025-01-05 07:54:58,246 - telegram.ext.Application - ERROR - No error handlers are registered, logging exception.
Traceback (most recent call last):
  File "C:\Users\utente\AppData\Local\Packages\PythonSoftwareFoundation.Python.3.13_qbz5n2kfra8p0\LocalCache\local-packages\Python313\site-packages\telegram\ext\_application.py", line 1325, in process_update
    await coroutine
  File "C:\Users\utente\AppData\Local\Packages\PythonSoftwareFoundation.Python.3.13_qbz5n2kfra8p0\LocalCache\local-packages\Python313\site-packages\telegram\ext\_handlers\basehandler.py", line 158, in handle_update
    return await self.callback(update, context)
           ^^^^^^^^^^^^^^^^^^^^^^^^^^^^^^^^^^^^
  File "c:\Users\utente\OneDrive\Desktop\MetaBot V2\bot\callback\registration.py", line 42, in handle_registration
    if test_connection(project_settings=project_settings):
       ~~~~~~~~~~~~~~~^^^^^^^^^^^^^^^^^^^^^^^^^^^^^^^^^^^
  File "c:\Users\utente\OneDrive\Desktop\MetaBot V2\metatrader\connection.py", line 8, in test_connection
    username = project_settings['mt5']['username']
               ~~~~~~~~~~~~~~~~~~~~~~~^^^^^^^^^^^^
KeyError: 'username'
2025-01-05 07:55:08,333 - httpx - INFO - HTTP Request: POST https://api.telegram.org/bot8012238163:AAFViMv2rkLJ8YjcL6uFZwXy7NfyjZ6m6gE/getUpdates "HTTP/1.1 200 OK"
2025-01-05 07:55:18,421 - httpx - INFO - HTTP Request: POST https://api.telegram.org/bot8012238163:AAFViMv2rkLJ8YjcL6uFZwXy7NfyjZ6m6gE/getUpdates "HTTP/1.1 200 OK"
2025-01-05 07:55:28,507 - httpx - INFO - HTTP Request: POST https://api.telegram.org/bot8012238163:AAFViMv2rkLJ8YjcL6uFZwXy7NfyjZ6m6gE/getUpdates "HTTP/1.1 200 OK"
2025-01-05 07:55:38,596 - httpx - INFO - HTTP Request: POST https://api.telegram.org/bot8012238163:AAFViMv2rkLJ8YjcL6uFZwXy7NfyjZ6m6gE/getUpdates "HTTP/1.1 200 OK"
2025-01-05 07:55:48,681 - httpx - INFO - HTTP Request: POST https://api.telegram.org/bot8012238163:AAFViMv2rkLJ8YjcL6uFZwXy7NfyjZ6m6gE/getUpdates "HTTP/1.1 200 OK"
2025-01-05 07:55:58,769 - httpx - INFO - HTTP Request: POST https://api.telegram.org/bot8012238163:AAFViMv2rkLJ8YjcL6uFZwXy7NfyjZ6m6gE/getUpdates "HTTP/1.1 200 OK"
2025-01-05 07:56:08,857 - httpx - INFO - HTTP Request: POST https://api.telegram.org/bot8012238163:AAFViMv2rkLJ8YjcL6uFZwXy7NfyjZ6m6gE/getUpdates "HTTP/1.1 200 OK"
2025-01-05 07:56:18,943 - httpx - INFO - HTTP Request: POST https://api.telegram.org/bot8012238163:AAFViMv2rkLJ8YjcL6uFZwXy7NfyjZ6m6gE/getUpdates "HTTP/1.1 200 OK"
2025-01-05 07:56:29,028 - httpx - INFO - HTTP Request: POST https://api.telegram.org/bot8012238163:AAFViMv2rkLJ8YjcL6uFZwXy7NfyjZ6m6gE/getUpdates "HTTP/1.1 200 OK"
