2024-12-31 14:46:16,974 - TradingBot - INFO - Logging configurato correttamente.
2024-12-31 14:46:18,485 - TradingBot - INFO - Il bot è stato avviato!
2024-12-31 14:46:18,698 - httpx - INFO - HTTP Request: POST https://api.telegram.org/bot8012238163:AAFViMv2rkLJ8YjcL6uFZwXy7NfyjZ6m6gE/getMe "HTTP/1.1 200 OK"
2024-12-31 14:46:18,735 - httpx - INFO - HTTP Request: POST https://api.telegram.org/bot8012238163:AAFViMv2rkLJ8YjcL6uFZwXy7NfyjZ6m6gE/deleteWebhook "HTTP/1.1 200 OK"
2024-12-31 14:46:18,736 - telegram.ext.Application - INFO - Application started
2024-12-31 14:46:18,854 - httpx - INFO - HTTP Request: POST https://api.telegram.org/bot8012238163:AAFViMv2rkLJ8YjcL6uFZwXy7NfyjZ6m6gE/getUpdates "HTTP/1.1 200 OK"
2024-12-31 14:46:18,855 - TradingBot - INFO - Esecuzione: start | Utente: OkkkkLol (1613494618) | Data: 2024-12-31 13:45:35+00:00 | Callback: N/A
2024-12-31 14:46:19,018 - httpx - INFO - HTTP Request: POST https://api.telegram.org/bot8012238163:AAFViMv2rkLJ8YjcL6uFZwXy7NfyjZ6m6gE/sendMessage "HTTP/1.1 200 OK"
2024-12-31 14:46:20,920 - httpx - INFO - HTTP Request: POST https://api.telegram.org/bot8012238163:AAFViMv2rkLJ8YjcL6uFZwXy7NfyjZ6m6gE/getUpdates "HTTP/1.1 200 OK"
2024-12-31 14:46:20,921 - TradingBot - INFO - Esecuzione: start | Utente: OkkkkLol (1613494618) | Data: 2024-12-31 13:46:20+00:00 | Callback: N/A
2024-12-31 14:46:21,098 - httpx - INFO - HTTP Request: POST https://api.telegram.org/bot8012238163:AAFViMv2rkLJ8YjcL6uFZwXy7NfyjZ6m6gE/sendMessage "HTTP/1.1 200 OK"
2024-12-31 14:46:30,976 - httpx - INFO - HTTP Request: POST https://api.telegram.org/bot8012238163:AAFViMv2rkLJ8YjcL6uFZwXy7NfyjZ6m6gE/getUpdates "HTTP/1.1 200 OK"
2024-12-31 14:46:34,604 - httpx - INFO - HTTP Request: POST https://api.telegram.org/bot8012238163:AAFViMv2rkLJ8YjcL6uFZwXy7NfyjZ6m6gE/getUpdates "HTTP/1.1 200 OK"
2024-12-31 14:46:34,604 - TradingBot - INFO - Esecuzione: register_or_login_callback | Utente: OkkkkLol (1613494618) | Data: N/A | Callback: register_or_login
2024-12-31 14:46:34,831 - httpx - INFO - HTTP Request: POST https://api.telegram.org/bot8012238163:AAFViMv2rkLJ8YjcL6uFZwXy7NfyjZ6m6gE/answerCallbackQuery "HTTP/1.1 200 OK"
2024-12-31 14:46:34,983 - httpx - INFO - HTTP Request: POST https://api.telegram.org/bot8012238163:AAFViMv2rkLJ8YjcL6uFZwXy7NfyjZ6m6gE/editMessageText "HTTP/1.1 200 OK"
2024-12-31 14:46:44,643 - httpx - INFO - HTTP Request: POST https://api.telegram.org/bot8012238163:AAFViMv2rkLJ8YjcL6uFZwXy7NfyjZ6m6gE/getUpdates "HTTP/1.1 200 OK"
2024-12-31 14:46:54,680 - httpx - INFO - HTTP Request: POST https://api.telegram.org/bot8012238163:AAFViMv2rkLJ8YjcL6uFZwXy7NfyjZ6m6gE/getUpdates "HTTP/1.1 200 OK"
2024-12-31 14:47:04,719 - httpx - INFO - HTTP Request: POST https://api.telegram.org/bot8012238163:AAFViMv2rkLJ8YjcL6uFZwXy7NfyjZ6m6gE/getUpdates "HTTP/1.1 200 OK"
2024-12-31 14:47:14,758 - httpx - INFO - HTTP Request: POST https://api.telegram.org/bot8012238163:AAFViMv2rkLJ8YjcL6uFZwXy7NfyjZ6m6gE/getUpdates "HTTP/1.1 200 OK"
2024-12-31 14:47:20,048 - httpx - INFO - HTTP Request: POST https://api.telegram.org/bot8012238163:AAFViMv2rkLJ8YjcL6uFZwXy7NfyjZ6m6gE/getUpdates "HTTP/1.1 200 OK"
2024-12-31 14:47:20,049 - telegram.ext.Application - INFO - Application is stopping. This might take a moment.
2024-12-31 14:47:20,049 - telegram.ext.Application - INFO - Application.stop() complete
